# JRE version: OpenJDK Runtime Environment (11.0.2+9) (build 11.0.2+9)
# Java VM: OpenJDK 64-Bit Server VM (11.0.2+9, mixed mode, tiered, compressed oops, g1 gc, windows-amd64)
Heap:
 garbage-first heap   total 124928K, used 25260K [0x00000000c1000000, 0x0000000100000000)
  region size 1024K, 3 young (3072K), 3 survivors (3072K)
 Metaspace       used 6609K, capacity 6719K, committed 6784K, reserved 1056768K
  class space    used 564K, capacity 578K, committed 640K, reserved 1048576K
GC Heap History (9 events):
Event: 0.990 GC heap before
{Heap before GC invocations=0 (full 0):
 garbage-first heap   total 65536K, used 14336K [0x00000000c1000000, 0x0000000100000000)
  region size 1024K, 14 young (14336K), 0 survivors (0K)
 Metaspace       used 6227K, capacity 6356K, committed 6528K, reserved 1056768K
  class space    used 526K, capacity 541K, committed 640K, reserved 1048576K
}
Event: 1.016 GC heap after
{Heap after GC invocations=1 (full 0):
 garbage-first heap   total 65536K, used 4740K [0x00000000c1000000, 0x0000000100000000)
  region size 1024K, 2 young (2048K), 2 survivors (2048K)
 Metaspace       used 6227K, capacity 6356K, committed 6528K, reserved 1056768K
  class space    used 526K, capacity 541K, committed 640K, reserved 1048576K
}
Event: 1.090 GC heap before
{Heap before GC invocations=1 (full 0):
 garbage-first heap   total 65536K, used 7812K [0x00000000c1000000, 0x0000000100000000)
  region size 1024K, 5 young (5120K), 2 survivors (2048K)
 Metaspace       used 6230K, capacity 6356K, committed 6528K, reserved 1056768K
  class space    used 526K, capacity 541K, committed 640K, reserved 1048576K
}
Event: 1.112 GC heap after
{Heap after GC invocations=2 (full 0):
 garbage-first heap   total 65536K, used 5850K [0x00000000c1000000, 0x0000000100000000)
  region size 1024K, 1 young (1024K), 1 survivors (1024K)
 Metaspace       used 6230K, capacity 6356K, committed 6528K, reserved 1056768K
  class space    used 526K, capacity 541K, committed 640K, reserved 1048576K
}
Event: 1.210 GC heap before
{Heap before GC invocations=2 (full 0):
 garbage-first heap   total 65536K, used 15066K [0x00000000c1000000, 0x0000000100000000)
  region size 1024K, 10 young (10240K), 1 survivors (1024K)
 Metaspace       used 6242K, capacity 6356K, committed 6528K, reserved 1056768K
  class space    used 526K, capacity 541K, committed 640K, reserved 1048576K
}
Event: 1.235 GC heap after
{Heap after GC invocations=3 (full 0):
 garbage-first heap   total 65536K, used 9065K [0x00000000c1000000, 0x0000000100000000)
  region size 1024K, 2 young (2048K), 2 survivors (2048K)
 Metaspace       used 6242K, capacity 6356K, committed 6528K, reserved 1056768K
  class space    used 526K, capacity 541K, committed 640K, reserved 1048576K
}
Event: 1.377 GC heap before
{Heap before GC invocations=3 (full 0):
 garbage-first heap   total 65536K, used 25449K [0x00000000c1000000, 0x0000000100000000)
  region size 1024K, 18 young (18432K), 2 survivors (2048K)
 Metaspace       used 6244K, capacity 6356K, committed 6528K, reserved 1056768K
  class space    used 526K, capacity 541K, committed 640K, reserved 1048576K
}
Event: 1.412 GC heap after
{Heap after GC invocations=4 (full 0):
 garbage-first heap   total 65536K, used 14220K [0x00000000c1000000, 0x0000000100000000)
  region size 1024K, 3 young (3072K), 3 survivors (3072K)
 Metaspace       used 6244K, capacity 6356K, committed 6528K, reserved 1056768K
  class space    used 526K, capacity 541K, committed 640K, reserved 1048576K
}
Event: 4.755 GC heap before
{Heap before GC invocations=4 (full 0):
 garbage-first heap   total 65536K, used 39820K [0x00000000c1000000, 0x0000000100000000)
  region size 1024K, 21 young (21504K), 3 survivors (3072K)
 Metaspace       used 6609K, capacity 6719K, committed 6784K, reserved 1056768K
  class space    used 564K, capacity 578K, committed 640K, reserved 1048576K
}

